<?xml version="1.0" encoding="UTF-8"?>
<!-- Generated by org.testng.reporters.JUnitReportReporter -->
<testsuite hostname="LAPTOP-NHB4MO6K" failures="0" tests="1" name="testcases.Google" time="53.387" errors="0" timestamp="2025-09-28T22:13:32 IST" skipped="0">
  <testcase classname="testcases.Google" name="test" time="53.387"/>
  <system-out/>
</testsuite> <!-- testcases.Google -->
